2025-06-28 10:50:23 - Valores no convertibles a float: ['\x00\x00\x00\x00\x00']
2025-06-28 10:50:29 - Valores no convertibles a float: ['MONITOREO ACTIVADO']
2025-06-28 10:50:31 - Registro insertado: (2, 17.1, 85.0, 85.0, 1, 1, 92.0, '-25.45504,-57.502491')
2025-06-28 10:50:41 - Registro insertado: (2, 17.0, 16.94, 16.81, 1, 1, 92.0, '-25.455036,-57.502478')
2025-06-28 10:50:52 - Registro insertado: (2, 17.0, 16.88, 16.81, 1, 1, 92.0, '-25.455046,-57.502472')
2025-06-28 10:51:03 - Registro insertado: (2, 17.0, 16.94, 16.81, 1, 1, 92.0, '-25.455045,-57.502478')
2025-06-28 10:51:14 - Registro insertado: (2, 17.1, 16.94, 16.81, 1, 1, 92.0, '-25.455044,-57.502479')
2025-06-28 10:51:24 - Registro insertado: (2, 17.1, 16.94, 16.81, 1, 1, 92.0, '-25.455048,-57.50248')
2025-06-28 10:51:35 - Registro insertado: (2, 17.0, 16.94, 16.81, 1, 1, 92.0, '-25.455043,-57.502489')
2025-06-28 10:51:46 - Registro insertado: (2, 17.0, 16.94, 16.81, 1, 1, 92.0, '-25.455039,-57.502495')
2025-06-28 10:51:57 - Registro insertado: (2, 17.0, 16.94, 16.81, 1, 1, 92.0, '-25.455037,-57.502495')
2025-06-28 10:52:07 - Registro insertado: (2, 17.0, 16.94, 16.81, 1, 1, 92.0, '-25.455036,-57.502495')
2025-06-28 10:52:18 - Registro insertado: (2, 17.0, 16.94, 16.81, 1, 1, 92.0, '-25.455035,-57.502494')
2025-06-28 10:52:29 - Registro insertado: (2, 17.0, 16.94, 16.81, 1, 1, 92.0, '-25.455035,-57.502492')
2025-06-28 10:52:40 - Registro insertado: (2, 17.0, 16.94, 16.81, 1, 1, 92.0, '-25.455034,-57.502489')
2025-06-28 10:52:50 - Registro insertado: (2, 17.0, 16.88, 16.81, 1, 1, 92.0, '-25.455033,-57.502488')
2025-06-28 10:53:01 - Registro insertado: (2, 17.0, 16.94, 16.81, 1, 1, 92.0, '-25.455034,-57.502487')
2025-06-28 10:53:12 - Registro insertado: (2, 17.0, 16.94, 16.81, 1, 1, 92.0, '-25.455033,-57.502488')
2025-06-28 10:53:23 - Registro insertado: (2, 17.0, 16.94, 16.81, 1, 1, 92.0, '-25.455033,-57.502488')
2025-06-28 10:53:33 - Registro insertado: (2, 17.1, 17.0, 16.81, 1, 1, 92.0, '-25.455032,-57.502489')
2025-06-28 10:53:44 - Registro insertado: (2, 17.1, 16.94, 16.88, 1, 1, 92.0, '-25.455028,-57.502495')
2025-06-28 10:53:55 - Registro insertado: (2, 17.1, 17.0, 16.81, 1, 1, 92.0, '-25.455025,-57.502502')
2025-06-28 10:54:06 - Registro insertado: (2, 17.1, 16.94, 16.88, 1, 1, 92.0, '-25.455023,-57.502511')
2025-06-28 10:54:16 - Registro insertado: (2, 17.1, 17.0, 16.88, 1, 1, 92.0, '-25.455023,-57.502508')
2025-06-28 10:54:27 - Registro insertado: (2, 17.1, 17.0, 16.88, 1, 1, 92.0, '-25.455025,-57.502505')
2025-06-28 10:54:38 - Registro insertado: (2, 17.1, 17.0, 16.88, 1, 1, 92.0, '-25.455026,-57.502503')
2025-06-28 10:54:49 - Registro insertado: (2, 17.1, 17.0, 16.88, 1, 1, 92.0, '-25.455028,-57.502499')
2025-06-28 10:54:59 - Registro insertado: (2, 17.1, 17.0, 16.88, 1, 1, 92.0, '-25.455026,-57.502491')
2025-06-28 10:55:10 - Registro insertado: (2, 17.1, 17.0, 16.88, 1, 1, 92.0, '-25.455025,-57.502485')
2025-06-28 10:55:21 - Registro insertado: (2, 17.1, 17.0, 16.88, 1, 1, 92.0, '-25.455024,-57.502485')
2025-06-28 10:55:32 - Registro insertado: (2, 17.1, 17.0, 16.88, 1, 1, 92.0, '-25.455024,-57.502483')
2025-06-28 10:55:42 - Registro insertado: (2, 17.1, 17.0, 16.88, 1, 1, 92.0, '-25.455023,-57.502479')
2025-06-28 10:55:53 - Registro insertado: (2, 17.2, 17.0, 16.88, 1, 1, 92.0, '-25.455024,-57.502477')
2025-06-28 10:56:04 - Registro insertado: (2, 17.1, 17.0, 16.88, 1, 1, 92.0, '-25.455023,-57.502474')
2025-06-28 10:56:15 - Registro insertado: (2, 17.2, 17.0, 16.88, 1, 1, 92.0, '-25.455024,-57.502472')
2025-06-28 10:56:25 - Registro insertado: (2, 17.1, 17.0, 16.88, 1, 1, 92.0, '-25.455024,-57.502471')
2025-06-28 10:56:36 - Registro insertado: (2, 17.1, 17.0, 16.88, 1, 1, 92.0, '-25.455024,-57.502469')
2025-06-28 10:56:47 - Registro insertado: (2, 17.1, 17.0, 16.88, 1, 1, 92.0, '-25.455024,-57.502467')
2025-06-28 10:56:58 - Registro insertado: (2, 17.1, 17.0, 16.88, 1, 1, 92.0, '-25.455024,-57.502466')
2025-06-28 10:57:08 - Registro insertado: (2, 17.1, 17.0, 16.88, 1, 1, 92.0, '-25.455025,-57.502462')
2025-06-28 10:57:19 - Registro insertado: (2, 17.1, 17.0, 16.88, 1, 1, 92.0, '-25.455025,-57.50246')
2025-06-28 10:57:30 - Registro insertado: (2, 17.1, 17.0, 16.88, 1, 1, 92.0, '-25.455026,-57.502462')
2025-06-28 10:57:41 - Registro insertado: (2, 17.1, 17.0, 16.88, 1, 1, 92.0, '-25.455025,-57.502461')
2025-06-28 10:57:52 - Registro insertado: (2, 17.0, 17.0, 16.88, 1, 1, 92.0, '-25.455025,-57.502459')
2025-06-28 10:58:02 - Registro insertado: (2, 17.0, 16.94, 16.88, 1, 1, 92.0, '-25.455024,-57.502456')
2025-06-28 10:58:13 - Registro insertado: (2, 17.0, 16.94, 16.88, 1, 1, 92.0, '-25.455024,-57.502453')
2025-06-28 10:58:24 - Registro insertado: (2, 17.0, 16.94, 16.88, 1, 1, 92.0, '-25.455024,-57.502451')
2025-06-28 10:58:35 - Registro insertado: (2, 17.0, 16.94, 16.88, 1, 1, 92.0, '-25.455024,-57.502449')
2025-06-28 10:58:45 - Registro insertado: (2, 16.9, 16.94, 16.88, 1, 1, 92.0, '-25.455022,-57.50245')
2025-06-28 10:58:56 - Registro insertado: (2, 17.0, 16.94, 16.88, 1, 1, 92.0, '-25.455021,-57.502451')
2025-06-28 10:59:07 - Registro insertado: (2, 16.9, 16.94, 16.88, 1, 1, 92.0, '-25.455022,-57.502452')
2025-06-28 10:59:18 - Registro insertado: (2, 16.9, 16.94, 16.81, 1, 1, 92.0, '-25.455022,-57.502452')
2025-06-28 10:59:28 - Registro insertado: (2, 17.0, 16.94, 16.81, 1, 1, 92.0, '-25.455018,-57.502442')
2025-06-28 10:59:39 - Registro insertado: (2, 16.9, 16.94, 16.81, 1, 1, 92.0, '-25.455018,-57.502439')
2025-06-28 10:59:50 - Registro insertado: (2, 17.0, 16.94, 16.81, 1, 1, 92.0, '-25.45502,-57.502436')
2025-06-28 11:00:01 - Registro insertado: (2, 16.9, 16.94, 16.88, 1, 1, 92.0, '-25.455021,-57.502436')
2025-06-28 11:00:11 - Registro insertado: (2, 17.0, 16.94, 16.88, 1, 1, 92.0, '-25.455028,-57.502429')
2025-06-28 11:00:22 - Registro insertado: (2, 17.0, 16.94, 16.81, 1, 1, 92.0, '-25.455032,-57.502429')
2025-06-28 11:00:33 - Registro insertado: (2, 16.9, 16.94, 16.88, 1, 1, 92.0, '-25.455033,-57.502427')
2025-06-28 11:00:44 - Registro insertado: (2, 17.0, 16.94, 16.81, 1, 1, 92.0, '-25.455033,-57.502426')
2025-06-28 11:00:54 - Registro insertado: (2, 17.0, 16.94, 16.81, 1, 1, 92.0, '-25.455033,-57.502424')
2025-06-28 11:01:05 - Registro insertado: (2, 16.9, 16.94, 16.81, 1, 1, 92.0, '-25.455035,-57.502425')
2025-06-28 11:01:16 - Registro insertado: (2, 17.0, 16.94, 16.81, 1, 1, 92.0, '-25.455035,-57.502426')
2025-06-28 11:01:27 - Registro insertado: (2, 17.0, 16.88, 16.81, 1, 1, 92.0, '-25.455036,-57.502427')
2025-06-28 11:01:37 - Registro insertado: (2, 16.9, 16.88, 16.81, 1, 1, 92.0, '-25.455037,-57.502426')
2025-06-28 11:01:48 - Registro insertado: (2, 17.0, 16.88, 16.81, 1, 1, 92.0, '-25.455039,-57.502426')
2025-06-28 11:01:59 - Registro insertado: (2, 16.9, 16.88, 16.81, 1, 1, 92.0, '-25.45504,-57.502426')
2025-06-28 11:02:10 - Registro insertado: (2, 16.9, 16.88, 16.81, 1, 1, 92.0, '-25.455043,-57.502424')
2025-06-28 11:02:20 - Registro insertado: (2, 16.9, 16.88, 16.81, 1, 1, 92.0, '-25.455045,-57.502423')
2025-06-28 11:02:31 - Registro insertado: (2, 16.9, 16.88, 16.81, 1, 1, 92.0, '-25.455049,-57.502422')
2025-06-28 11:02:42 - Registro insertado: (2, 16.9, 16.88, 16.81, 1, 1, 92.0, '-25.455047,-57.502424')
2025-06-28 11:02:53 - Registro insertado: (2, 16.9, 16.88, 16.81, 1, 1, 92.0, '-25.455045,-57.502419')
2025-06-28 11:03:03 - Registro insertado: (2, 16.9, 16.88, 16.81, 1, 1, 92.0, '-25.455046,-57.502417')
2025-06-28 11:03:14 - Registro insertado: (2, 16.9, 16.88, 16.81, 1, 1, 92.0, '-25.455044,-57.502419')
2025-06-28 11:03:25 - Registro insertado: (2, 16.9, 16.88, 16.81, 1, 1, 92.0, '-25.455036,-57.502423')
2025-06-28 11:03:36 - Registro insertado: (2, 16.8, 16.88, 16.81, 1, 1, 92.0, '-25.455031,-57.502424')
2025-06-28 11:03:46 - Registro insertado: (2, 16.8, 16.88, 16.81, 1, 1, 92.0, '-25.455034,-57.502424')
2025-06-28 11:03:57 - Registro insertado: (2, 16.9, 16.88, 16.81, 1, 1, 92.0, '-25.455036,-57.502425')
2025-06-28 11:04:08 - Registro insertado: (2, 16.9, 16.88, 16.81, 1, 1, 92.0, '-25.455037,-57.502425')
2025-06-28 11:04:19 - Registro insertado: (2, 16.9, 16.88, 16.81, 1, 1, 92.0, '-25.455036,-57.502427')
2025-06-28 11:04:29 - Registro insertado: (2, 16.9, 16.88, 16.81, 1, 1, 92.0, '-25.455034,-57.502429')
2025-06-28 11:04:40 - Registro insertado: (2, 16.9, 16.88, 16.81, 1, 1, 92.0, '-25.45504,-57.502427')
2025-06-28 11:04:51 - Registro insertado: (2, 16.9, 16.88, 16.81, 1, 1, 92.0, '-25.455043,-57.502426')
2025-06-28 11:05:02 - Registro insertado: (2, 16.9, 16.88, 16.81, 1, 1, 92.0, '-25.455046,-57.502423')
2025-06-28 11:05:12 - Registro insertado: (2, 16.9, 16.88, 16.75, 1, 1, 92.0, '-25.455044,-57.502425')
2025-06-28 11:05:23 - Registro insertado: (2, 16.9, 16.81, 16.75, 1, 1, 92.0, '-25.455042,-57.502428')
2025-06-28 11:05:34 - Registro insertado: (2, 16.9, 16.81, 16.81, 1, 1, 92.0, '-25.455037,-57.50243')
2025-06-28 11:05:44 - Registro insertado: (2, 16.9, 16.88, 16.75, 1, 1, 92.0, '-25.455045,-57.502426')
2025-06-28 11:05:55 - Registro insertado: (2, 16.9, 16.88, 16.81, 1, 1, 92.0, '-25.455044,-57.502427')
2025-06-28 11:06:06 - Registro insertado: (2, 16.9, 16.81, 16.81, 1, 1, 92.0, '-25.455049,-57.502425')
2025-06-28 11:06:17 - Registro insertado: (2, 16.8, 16.81, 16.75, 1, 1, 92.0, '-25.455051,-57.502425')
2025-06-28 11:06:28 - Registro insertado: (2, 16.8, 16.81, 16.75, 1, 1, 92.0, '-25.455054,-57.502424')
2025-06-28 11:06:38 - Registro insertado: (2, 16.8, 16.81, 16.81, 1, 1, 92.0, '-25.45506,-57.502421')
2025-06-28 11:06:49 - Registro insertado: (2, 16.8, 16.81, 16.75, 1, 1, 92.0, '-25.455054,-57.502427')
2025-06-28 11:07:00 - Registro insertado: (2, 16.8, 16.88, 16.81, 1, 1, 92.0, '-25.455059,-57.502424')
2025-06-28 11:07:10 - Registro insertado: (2, 16.9, 16.88, 16.75, 1, 1, 92.0, '-25.455061,-57.502423')
2025-06-28 11:07:21 - Registro insertado: (2, 16.9, 16.81, 16.75, 1, 1, 92.0, '-25.455059,-57.502429')
2025-06-28 11:07:32 - Registro insertado: (2, 16.9, 16.88, 16.81, 1, 1, 92.0, '-25.455059,-57.502429')
2025-06-28 11:07:43 - Registro insertado: (2, 16.9, 16.81, 16.75, 1, 1, 92.0, '-25.455058,-57.502431')
2025-06-28 11:07:53 - Registro insertado: (2, 16.9, 16.81, 16.75, 1, 1, 92.0, '-25.455057,-57.502433')
2025-06-28 11:08:04 - Registro insertado: (2, 16.9, 16.81, 16.75, 1, 1, 92.0, '-25.45506,-57.502429')
2025-06-28 11:08:15 - Registro insertado: (2, 16.9, 16.88, 16.75, 1, 1, 92.0, '-25.455062,-57.502428')
2025-06-28 11:08:26 - Registro insertado: (2, 16.9, 16.81, 16.81, 1, 1, 92.0, '-25.455061,-57.502428')
2025-06-28 11:08:36 - Registro insertado: (2, 16.9, 16.81, 16.75, 1, 1, 92.0, '-25.455062,-57.502429')
2025-06-28 11:08:47 - Registro insertado: (2, 16.9, 16.81, 16.75, 1, 1, 92.0, '-25.455057,-57.502435')
2025-06-28 11:08:58 - Registro insertado: (2, 16.9, 16.88, 16.75, 1, 1, 92.0, '-25.455058,-57.502435')
2025-06-28 11:09:09 - Registro insertado: (2, 16.9, 16.81, 16.75, 1, 1, 92.0, '-25.455064,-57.50243')
2025-06-28 11:09:19 - Registro insertado: (2, 16.9, 16.81, 16.75, 1, 1, 92.0, '-25.455067,-57.502427')
2025-06-28 11:09:30 - Registro insertado: (2, 16.9, 16.81, 16.75, 1, 1, 92.0, '-25.455071,-57.502423')
2025-06-28 11:09:41 - Registro insertado: (2, 16.9, 16.88, 16.75, 1, 1, 92.0, '-25.455074,-57.50242')
2025-06-28 11:09:52 - Registro insertado: (2, 16.9, 16.81, 16.81, 1, 1, 92.0, '-25.455075,-57.502416')
2025-06-28 11:10:02 - Registro insertado: (2, 16.9, 16.81, 16.75, 1, 1, 92.0, '-25.455077,-57.502414')
2025-06-28 11:10:13 - Registro insertado: (2, 16.9, 16.81, 16.75, 1, 1, 92.0, '-25.455078,-57.50241')
2025-06-28 11:10:24 - Registro insertado: (2, 16.8, 16.81, 16.75, 1, 1, 92.0, '-25.455078,-57.502409')
2025-06-28 11:10:35 - Registro insertado: (2, 16.9, 16.81, 16.75, 1, 1, 92.0, '-25.455078,-57.502406')
2025-06-28 11:10:45 - Registro insertado: (2, 16.9, 16.75, 16.75, 1, 1, 92.0, '-25.455076,-57.502406')
2025-06-28 11:10:56 - Registro insertado: (2, 16.9, 16.75, 16.69, 1, 1, 92.0, '-25.455073,-57.502408')
2025-06-28 11:11:07 - Registro insertado: (2, 16.8, 16.75, 16.75, 1, 1, 92.0, '-25.455071,-57.502407')
2025-06-28 11:11:18 - Registro insertado: (2, 16.8, 16.81, 16.75, 1, 1, 92.0, '-25.455068,-57.502407')
2025-06-28 11:11:28 - Registro insertado: (2, 16.8, 16.81, 16.75, 1, 1, 92.0, '-25.455068,-57.502407')
2025-06-28 11:11:39 - Registro insertado: (2, 16.8, 16.75, 16.75, 1, 1, 92.0, '-25.455066,-57.502409')
2025-06-28 11:11:50 - Registro insertado: (2, 16.8, 16.81, 16.75, 1, 1, 92.0, '-25.455066,-57.502409')
2025-06-28 11:12:01 - Registro insertado: (2, 16.8, 16.75, 16.69, 1, 1, 92.0, '-25.455067,-57.502409')
2025-06-28 11:12:11 - Registro insertado: (2, 16.8, 16.81, 16.75, 1, 1, 92.0, '-25.455067,-57.502408')
2025-06-28 11:12:22 - Registro insertado: (2, 16.8, 16.81, 16.75, 1, 1, 92.0, '-25.455069,-57.502407')
2025-06-28 11:12:33 - Registro insertado: (2, 16.8, 16.81, 16.75, 1, 1, 92.0, '-25.455067,-57.502409')
2025-06-28 11:12:44 - Registro insertado: (2, 16.8, 16.75, 16.75, 1, 1, 92.0, '-25.455067,-57.502409')
2025-06-28 11:12:54 - Registro insertado: (2, 16.8, 16.81, 16.69, 1, 1, 92.0, '-25.455064,-57.502407')
2025-06-28 11:13:05 - Registro insertado: (2, 16.8, 16.81, 16.75, 1, 1, 92.0, '-25.455063,-57.502407')
2025-06-28 11:13:16 - Registro insertado: (2, 16.8, 16.81, 16.75, 1, 1, 92.0, '-25.455063,-57.502408')
2025-06-28 11:13:27 - Registro insertado: (2, 16.8, 16.81, 16.75, 1, 1, 92.0, '-25.455064,-57.502407')
2025-06-28 11:13:37 - Registro insertado: (2, 16.8, 16.81, 16.75, 1, 1, 92.0, '-25.455072,-57.5024')
2025-06-28 11:13:48 - Registro insertado: (2, 16.8, 16.81, 16.75, 1, 1, 92.0, '-25.455071,-57.502401')
2025-06-28 11:13:59 - Registro insertado: (2, 16.8, 16.75, 16.75, 1, 1, 92.0, '-25.455071,-57.5024')
2025-06-28 11:14:10 - Registro insertado: (2, 16.8, 16.75, 16.69, 1, 1, 92.0, '-25.455074,-57.502397')
2025-06-28 11:14:20 - Registro insertado: (2, 16.8, 16.75, 16.75, 1, 1, 92.0, '-25.455076,-57.502395')
2025-06-28 11:14:31 - Registro insertado: (2, 16.8, 16.75, 16.69, 1, 1, 92.0, '-25.455075,-57.502393')
2025-06-28 11:14:42 - Registro insertado: (2, 16.8, 16.75, 16.69, 1, 1, 92.0, '-25.455075,-57.502395')
2025-06-28 11:14:53 - Registro insertado: (2, 16.8, 16.75, 16.69, 1, 1, 92.0, '-25.455074,-57.5024')
2025-06-28 11:15:03 - Registro insertado: (2, 16.8, 16.75, 16.69, 1, 1, 92.0, '-25.455074,-57.502399')
2025-06-28 11:15:14 - Registro insertado: (2, 16.8, 16.75, 16.69, 1, 1, 92.0, '-25.45507,-57.502402')
2025-06-28 11:15:25 - Registro insertado: (2, 16.8, 16.75, 16.69, 1, 1, 92.0, '-25.455068,-57.502404')
2025-06-28 11:15:36 - Registro insertado: (2, 16.8, 16.75, 16.75, 1, 1, 92.0, '-25.455066,-57.502406')
2025-06-28 11:15:46 - Registro insertado: (2, 16.8, 16.81, 16.75, 1, 1, 92.0, '-25.455067,-57.502405')
2025-06-28 11:15:57 - Registro insertado: (2, 16.9, 16.75, 16.75, 1, 1, 92.0, '-25.455064,-57.502408')
2025-06-28 11:16:07 - Valores no convertibles a float: ['MONITOREO DESACTIVADO']
2025-06-28 11:16:08 - Valores no convertibles a float: ['\x00']
2025-06-28 11:16:38 - Valores no convertibles a float: ['MONITOREO ACTIVADO']
2025-06-28 11:16:39 - Registro insertado: (2, 16.9, 16.75, 16.75, 1, 1, 92.0, '-25.455063,-57.50241')
2025-06-28 11:16:49 - Valores no convertibles a float: ['MONITOREO DESACTIVADO']
